# JRE version: Java(TM) SE Runtime Environment (7.0_65-b17) (build 1.7.0_65-b17)
# Java VM: Java HotSpot(TM) 64-Bit Server VM (24.65-b04 mixed mode linux-amd64 compressed oops)
Heap
 PSYoungGen      total 139264K, used 4497K [0x00000007ad080000, 0x00000007b6280000, 0x0000000800000000)
  eden space 129024K, 0% used [0x00000007ad080000,0x00000007ad080000,0x00000007b4e80000)
  from space 10240K, 43% used [0x00000007b4e80000,0x00000007b52e4570,0x00000007b5880000)
  to   space 10240K, 0% used [0x00000007b5880000,0x00000007b5880000,0x00000007b6280000)
 ParOldGen       total 169472K, used 16K [0x0000000707200000, 0x0000000711780000, 0x00000007ad080000)
  object space 169472K, 0% used [0x0000000707200000,0x0000000707204000,0x0000000711780000)
 PSPermGen       total 21504K, used 9638K [0x0000000702000000, 0x0000000703500000, 0x0000000707200000)
  object space 21504K, 44% used [0x0000000702000000,0x0000000702969b70,0x0000000703500000)
GC Heap History (5 events):
Event: 0.433 GC heap before
{Heap before GC invocations=1 (full 0):
 PSYoungGen      total 74752K, used 64512K [0x00000007ad080000, 0x00000007b2380000, 0x0000000800000000)
  eden space 64512K, 100% used [0x00000007ad080000,0x00000007b0f80000,0x00000007b0f80000)
  from space 10240K, 0% used [0x00000007b1980000,0x00000007b1980000,0x00000007b2380000)
  to   space 10240K, 0% used [0x00000007b0f80000,0x00000007b0f80000,0x00000007b1980000)
 ParOldGen       total 169472K, used 0K [0x0000000707200000, 0x0000000711780000, 0x00000007ad080000)
  object space 169472K, 0% used [0x0000000707200000,0x0000000707200000,0x0000000711780000)
 PSPermGen       total 21504K, used 9638K [0x0000000702000000, 0x0000000703500000, 0x0000000707200000)
  object space 21504K, 44% used [0x0000000702000000,0x00000007029698e8,0x0000000703500000)
Event: 0.440 GC heap after
Heap after GC invocations=1 (full 0):
 PSYoungGen      total 74752K, used 2186K [0x00000007ad080000, 0x00000007b6280000, 0x0000000800000000)
  eden space 64512K, 0% used [0x00000007ad080000,0x00000007ad080000,0x00000007b0f80000)
  from space 10240K, 21% used [0x00000007b0f80000,0x00000007b11a2988,0x00000007b1980000)
  to   space 10240K, 0% used [0x00000007b5880000,0x00000007b5880000,0x00000007b6280000)
 ParOldGen       total 169472K, used 8K [0x0000000707200000, 0x0000000711780000, 0x00000007ad080000)
  object space 169472K, 0% used [0x0000000707200000,0x0000000707202000,0x0000000711780000)
 PSPermGen       total 21504K, used 9638K [0x0000000702000000, 0x0000000703500000, 0x0000000707200000)
  object space 21504K, 44% used [0x0000000702000000,0x00000007029698e8,0x0000000703500000)
}
Event: 0.459 GC heap before
{Heap before GC invocations=2 (full 0):
 PSYoungGen      total 74752K, used 66698K [0x00000007ad080000, 0x00000007b6280000, 0x0000000800000000)
  eden space 64512K, 100% used [0x00000007ad080000,0x00000007b0f80000,0x00000007b0f80000)
  from space 10240K, 21% used [0x00000007b0f80000,0x00000007b11a2988,0x00000007b1980000)
  to   space 10240K, 0% used [0x00000007b5880000,0x00000007b5880000,0x00000007b6280000)
 ParOldGen       total 169472K, used 8K [0x0000000707200000, 0x0000000711780000, 0x00000007ad080000)
  object space 169472K, 0% used [0x0000000707200000,0x0000000707202000,0x0000000711780000)
 PSPermGen       total 21504K, used 9638K [0x0000000702000000, 0x0000000703500000, 0x0000000707200000)
  object space 21504K, 44% used [0x0000000702000000,0x00000007029698e8,0x0000000703500000)
Event: 0.462 GC heap after
Heap after GC invocations=2 (full 0):
 PSYoungGen      total 139264K, used 4497K [0x00000007ad080000, 0x00000007b6280000, 0x0000000800000000)
  eden space 129024K, 0% used [0x00000007ad080000,0x00000007ad080000,0x00000007b4e80000)
  from space 10240K, 43% used [0x00000007b5880000,0x00000007b5ce4570,0x00000007b6280000)
  to   space 10240K, 0% used [0x00000007b4e80000,0x00000007b4e80000,0x00000007b5880000)
 ParOldGen       total 169472K, used 8K [0x0000000707200000, 0x0000000711780000, 0x00000007ad080000)
  object space 169472K, 0% used [0x0000000707200000,0x0000000707202000,0x0000000711780000)
 PSPermGen       total 21504K, used 9638K [0x0000000702000000, 0x0000000703500000, 0x0000000707200000)
  object space 21504K, 44% used [0x0000000702000000,0x00000007029698e8,0x0000000703500000)
}
Event: 0.520 GC heap before
{Heap before GC invocations=3 (full 0):
 PSYoungGen      total 139264K, used 133521K [0x00000007ad080000, 0x00000007b6280000, 0x0000000800000000)
  eden space 129024K, 100% used [0x00000007ad080000,0x00000007b4e80000,0x00000007b4e80000)
  from space 10240K, 43% used [0x00000007b5880000,0x00000007b5ce4570,0x00000007b6280000)
  to   space 10240K, 0% used [0x00000007b4e80000,0x00000007b4e80000,0x00000007b5880000)
 ParOldGen       total 169472K, used 8K [0x0000000707200000, 0x0000000711780000, 0x00000007ad080000)
  object space 169472K, 0% used [0x0000000707200000,0x0000000707202000,0x0000000711780000)
 PSPermGen       total 21504K, used 9638K [0x0000000702000000, 0x0000000703500000, 0x0000000707200000)
  object space 21504K, 44% used [0x0000000702000000,0x0000000702969b70,0x0000000703500000)

